SF:lib/contact/data_layer/models/contact_data_model.dart
DA:5,1
DA:10,1
DA:11,1
DA:12,1
DA:13,1
DA:14,1
LF:6
LH:6
end_of_record
SF:lib/contact/repository_layer/models/contact_repo_model.dart
DA:5,1
DA:10,1
DA:11,1
DA:12,1
DA:13,1
DA:14,1
LF:6
LH:6
end_of_record
SF:lib/skills/data_layer/models/skills_data_model.dart
DA:6,1
DA:12,1
DA:13,1
DA:14,1
DA:15,1
DA:16,1
DA:17,1
LF:7
LH:7
end_of_record
SF:lib/skills/repository_layer/model/skills_repo_model.dart
DA:6,1
DA:12,1
DA:13,1
DA:14,1
DA:15,1
DA:16,1
DA:17,1
LF:7
LH:7
end_of_record
SF:lib/about/repository_layer/models/about_repo_model.dart
DA:6,1
DA:12,1
DA:13,1
DA:14,1
DA:15,1
DA:16,1
DA:17,1
DA:18,3
DA:19,1
DA:26,1
DA:30,1
DA:31,1
DA:32,1
DA:33,1
LF:14
LH:14
end_of_record
SF:lib/about/data_layer/models/about_data_model.dart
DA:6,1
DA:12,1
DA:13,1
DA:14,1
DA:15,1
DA:16,1
DA:17,1
DA:18,3
DA:19,1
DA:26,1
DA:30,1
DA:31,1
DA:32,1
DA:33,1
LF:14
LH:14
end_of_record
SF:lib/portfolio/data_layer/models/portfolio_data_model.dart
DA:5,1
DA:10,1
DA:11,1
DA:12,1
DA:13,1
DA:14,1
LF:6
LH:6
end_of_record
SF:lib/portfolio/repository_layer/models/portfolio_repo_model.dart
DA:5,1
DA:10,1
DA:11,1
DA:12,1
DA:13,1
DA:14,1
LF:6
LH:6
end_of_record
SF:lib/home_page/repository_layer/models/homepage_repo_model.dart
DA:5,1
DA:10,1
DA:11,1
DA:12,1
DA:13,1
DA:14,1
LF:6
LH:6
end_of_record
SF:lib/home_page/data_layer/models/homepage_data_model.dart
DA:5,1
DA:10,1
DA:11,1
DA:12,1
DA:13,1
DA:14,1
LF:6
LH:6
end_of_record
